<?xml version="1.0" encoding="UTF-8"?>
<!-- Generated by org.testng.reporters.JUnitReportReporter -->
<testsuite skipped="0" hostname="KYE-1000417688" name="TestCase.Yun_Login_Test" tests="1" failures="0" timestamp="2018-11-02T09:35:52 CST" time="22.396" errors="0">
  <testcase name="testLogin" time="22.396" classname="TestCase.Yun_Login_Test"/>
</testsuite> <!-- TestCase.Yun_Login_Test -->
