<?xml version="1.0" encoding="UTF-8"?>
<!-- Generated by org.testng.reporters.JUnitReportReporter -->
<testsuite skipped="0" hostname="KYE-1000417688" name="TestCase.Yun_Login_Test" tests="1" failures="0" timestamp="2018-10-31T16:47:28 CST" time="17.174" errors="0">
  <testcase name="testLogin" time="17.174" classname="TestCase.Yun_Login_Test"/>
</testsuite> <!-- TestCase.Yun_Login_Test -->
