<?xml version="1.0" encoding="UTF-8"?>
<!-- Generated by org.testng.reporters.JUnitReportReporter -->
<testsuite skipped="0" hostname="KYE-1000417688" name="TestCase.YunErp_Login_test" tests="1" failures="0" timestamp="2018-10-31T16:47:28 CST" time="0.242" errors="0">
  <testcase name="logintest" time="0.242" classname="TestCase.YunErp_Login_test"/>
</testsuite> <!-- TestCase.YunErp_Login_test -->
